<?xml version="1.0" encoding="UTF-8"?>
<!-- Generated by org.testng.reporters.JUnitReportReporter -->
<testsuite hostname="Yugesh" failures="0" tests="1" name="ExtentReport.ToLearnAttachScreenShotInToReport" time="19.610" errors="0" timestamp="2024-11-07T09:53:57 IST" skipped="0">
  <testcase classname="ExtentReport.ToLearnAttachScreenShotInToReport" name="screenShot" time="19.610"/>
  <system-out/>
</testsuite> <!-- ExtentReport.ToLearnAttachScreenShotInToReport -->
