<?xml version="1.0" encoding="UTF-8"?>
<!-- Generated by org.testng.reporters.JUnitReportReporter -->
<testsuite hostname="Yugesh" failures="0" tests="1" name="ExtentReport.ToLearnExtentReports" time="1.244" errors="0" timestamp="2024-11-07T09:28:58 IST" skipped="0">
  <testcase classname="ExtentReport.ToLearnExtentReports" name="report" time="1.244"/>
  <system-out/>
</testsuite> <!-- ExtentReport.ToLearnExtentReports -->
