<?xml version="1.0" encoding="UTF-8"?>
<!-- Generated by org.testng.reporters.JUnitReportReporter -->
<testsuite hostname="Yugesh" failures="0" tests="1" name="Bikes.DucatiTest" time="12.251" errors="0" timestamp="2024-11-06T09:27:57 IST" skipped="0">
  <testcase classname="Bikes.DucatiTest" name="launched" time="12.251"/>
  <system-out>
    <![CDATA[ducati-bikes launched successfully]]>
  </system-out>
</testsuite> <!-- Bikes.DucatiTest -->
