<?xml version="1.0" encoding="UTF-8"?>
<!-- Generated by org.testng.reporters.JUnitReportReporter -->
<testsuite hostname="Yugesh" failures="0" tests="1" name="Cars.MiniCooperTest" time="38.962" errors="0" timestamp="2024-11-06T09:27:57 IST" skipped="0">
  <testcase classname="Cars.MiniCooperTest" name="launched" time="38.962"/>
  <system-out>
    <![CDATA[mini-cooper launched successfully]]>
  </system-out>
</testsuite> <!-- Cars.MiniCooperTest -->
