<?xml version="1.0" encoding="UTF-8"?>
<!-- Generated by org.testng.reporters.JUnitReportReporter -->
<testsuite hostname="Yugesh" failures="0" tests="1" name="Demo.SampleTest" time="0.000" errors="0" timestamp="2024-11-06T09:27:57 IST" skipped="0">
  <testcase classname="Demo.SampleTest" name="demo" time="0.000"/>
  <system-out>
    <![CDATA[Sample Test Class Executed]]>
  </system-out>
</testsuite> <!-- Demo.SampleTest -->
