<?xml version="1.0" encoding="UTF-8"?>
<!-- Generated by org.testng.reporters.JUnitReportReporter -->
<testsuite hostname="Yugesh" failures="0" tests="1" name="Cars.RangeRoverTest" time="49.403" errors="0" timestamp="2024-11-06T09:27:57 IST" skipped="0">
  <testcase classname="Cars.RangeRoverTest" name="launched" time="49.403"/>
  <system-out>
    <![CDATA[range-rover launched successfully]]>
  </system-out>
</testsuite> <!-- Cars.RangeRoverTest -->
