<?xml version="1.0" encoding="UTF-8"?>
<!-- Generated by org.testng.reporters.JUnitReportReporter -->
<testsuite hostname="Yugesh" failures="0" tests="1" name="Bikes.KTMTest" time="25.961" errors="0" timestamp="2024-11-06T09:27:56 IST" skipped="0">
  <testcase classname="Bikes.KTMTest" name="launched" time="25.961"/>
  <system-out>
    <![CDATA[ktm-bikes launched successfully]]>
  </system-out>
</testsuite> <!-- Bikes.KTMTest -->
