<?xml version="1.0" encoding="UTF-8"?>
<!-- Generated by org.testng.reporters.JUnitReportReporter -->
<testsuite hostname="Yugesh" failures="0" tests="1" name="Bikes.KawasakiTest" time="10.694" errors="0" timestamp="2024-11-06T09:27:56 IST" skipped="0">
  <testcase classname="Bikes.KawasakiTest" name="launched" time="10.694"/>
  <system-out>
    <![CDATA[kawasaki-bikes launched successfully]]>
  </system-out>
</testsuite> <!-- Bikes.KawasakiTest -->
