<?xml version="1.0" encoding="UTF-8"?>
<!-- Generated by org.testng.reporters.JUnitReportReporter -->
<testsuite hostname="Yugesh" failures="0" tests="1" name="Cars.LamborghiniTest" time="24.611" errors="0" timestamp="2024-11-06T09:27:56 IST" skipped="0">
  <testcase classname="Cars.LamborghiniTest" name="launched" time="24.611"/>
  <system-out>
    <![CDATA[lamborghini launched successfully]]>
  </system-out>
</testsuite> <!-- Cars.LamborghiniTest -->
