<?xml version="1.0" encoding="UTF-8"?>
<!-- Generated by org.testng.reporters.JUnitReportReporter -->
<testsuite hostname="Yugesh" failures="0" tests="1" name="Demo.MavenParameterTest" time="15.207" errors="0" timestamp="2024-11-06T09:52:33 IST" skipped="0">
  <testcase classname="Demo.MavenParameterTest" name="launch" time="15.207"/>
  <system-out/>
</testsuite> <!-- Demo.MavenParameterTest -->
